<?xml version="1.0" encoding="UTF-8"?>
<testng-results ignored="0" total="1" passed="1" failed="0" skipped="0">
  <reporter-output>
  </reporter-output>
  <suite started-at="2022-07-14T21:01:36 SAST" name="Default suite" finished-at="2022-07-14T21:01:43 SAST" duration-ms="6702">
    <groups>
    </groups>
    <test started-at="2022-07-14T21:01:36 SAST" name="Default test" finished-at="2022-07-14T21:01:43 SAST" duration-ms="6702">
      <class name="automationSolution.TestCase">
        <test-method signature="testing()[pri:0, instance:automationSolution.TestCase@460510aa]" started-at="2022-07-14T21:01:37 SAST" name="testing" finished-at="2022-07-14T21:01:43 SAST" duration-ms="6478" status="PASS">
          <reporter-output>
          </reporter-output>
        </test-method> <!-- testing -->
        <test-method is-config="true" signature="TearDown()[pri:0, instance:automationSolution.TestCase@460510aa]" started-at="2022-07-14T21:01:43 SAST" name="TearDown" finished-at="2022-07-14T21:01:43 SAST" duration-ms="182" status="PASS">
          <reporter-output>
          </reporter-output>
        </test-method> <!-- TearDown -->
      </class> <!-- automationSolution.TestCase -->
    </test> <!-- Default test -->
  </suite> <!-- Default suite -->
</testng-results>
